<?xml version="1.0" encoding="UTF-8"?>
<testsuite xmlns:xsi="http://www.w3.org/2001/XMLSchema-instance" xsi:noNamespaceSchemaLocation="https://maven.apache.org/surefire/maven-surefire-plugin/xsd/surefire-test-report-3.0.xsd" version="3.0" name="com.landify.LandifyApplicationTests" time="9.98" tests="1" errors="0" skipped="0" failures="0">
  <properties>
[...]
</properties>
  <testcase name="contextLoads" classname="com.landify.LandifyApplicationTests" time="0.69">
    <system-out><![CDATA[04:17:01.289 [main] INFO org.springframework.test.context.support.AnnotationConfigContextLoaderUtils -- Could not detect default configuration classes for test class [com.landify.LandifyApplicationTests]: LandifyApplicationTests does not declare any static, non-private, non-final, nested classes annotated with @Configuration.
04:17:01.465 [main] INFO org.springframework.boot.test.context.SpringBootTestContextBootstrapper -- Found @SpringBootConfiguration com.landify.LandifyApplication for test class com.landify.LandifyApplicationTests
04:17:01,139 |-INFO in ch.qos.logback.classic.LoggerContext[default] - This is logback-classic version 1.4.14
04:17:01,140 |-INFO in ch.qos.logback.classic.util.ContextInitializer@c7a977f - Here is a list of configurators discovered as a service, by rank: 
04:17:01,140 |-INFO in ch.qos.logback.classic.util.ContextInitializer@c7a977f -   org.springframework.boot.logging.logback.RootLogLevelConfigurator
04:17:01,140 |-INFO in ch.qos.logback.classic.util.ContextInitializer@c7a977f - They will be invoked in order until ExecutionStatus.DO_NOT_INVOKE_NEXT_IF_ANY is returned.
04:17:01,140 |-INFO in ch.qos.logback.classic.util.ContextInitializer@c7a977f - Constructed configurator of type class org.springframework.boot.logging.logback.RootLogLevelConfigurator
04:17:01,149 |-INFO in ch.qos.logback.classic.util.ContextInitializer@c7a977f - org.springframework.boot.logging.logback.RootLogLevelConfigurator.configure() call lasted 0 milliseconds. ExecutionStatus=INVOKE_NEXT_IF_ANY
04:17:01,149 |-INFO in ch.qos.logback.classic.util.ContextInitializer@c7a977f - Trying to configure with ch.qos.logback.classic.joran.SerializedModelConfigurator
04:17:01,149 |-INFO in ch.qos.logback.classic.util.ContextInitializer@c7a977f - Constructed configurator of type class ch.qos.logback.classic.joran.SerializedModelConfigurator
04:17:01,149 |-INFO in ch.qos.logback.classic.LoggerContext[default] - Could NOT find resource [logback-test.scmo]
04:17:01,149 |-INFO in ch.qos.logback.classic.LoggerContext[default] - Could NOT find resource [logback.scmo]
04:17:01,149 |-INFO in ch.qos.logback.classic.util.ContextInitializer@c7a977f - ch.qos.logback.classic.joran.SerializedModelConfigurator.configure() call lasted 0 milliseconds. ExecutionStatus=INVOKE_NEXT_IF_ANY
04:17:01,149 |-INFO in ch.qos.logback.classic.util.ContextInitializer@c7a977f - Trying to configure with ch.qos.logback.classic.util.DefaultJoranConfigurator
04:17:01,149 |-INFO in ch.qos.logback.classic.util.ContextInitializer@c7a977f - Constructed configurator of type class ch.qos.logback.classic.util.DefaultJoranConfigurator
04:17:01,155 |-INFO in ch.qos.logback.classic.LoggerContext[default] - Could NOT find resource [logback-test.xml]
04:17:01,156 |-INFO in ch.qos.logback.classic.LoggerContext[default] - Could NOT find resource [logback.xml]
04:17:01,156 |-INFO in ch.qos.logback.classic.util.ContextInitializer@c7a977f - ch.qos.logback.classic.util.DefaultJoranConfigurator.configure() call lasted 7 milliseconds. ExecutionStatus=INVOKE_NEXT_IF_ANY
04:17:01,156 |-INFO in ch.qos.logback.classic.util.ContextInitializer@c7a977f - Trying to configure with ch.qos.logback.classic.BasicConfigurator
04:17:01,156 |-INFO in ch.qos.logback.classic.util.ContextInitializer@c7a977f - Constructed configurator of type class ch.qos.logback.classic.BasicConfigurator
04:17:01,156 |-INFO in ch.qos.logback.classic.BasicConfigurator@55caeb35 - Setting up default configuration.
04:17:01,166 |-INFO in ch.qos.logback.classic.util.ContextInitializer@c7a977f - ch.qos.logback.classic.BasicConfigurator.configure() call lasted 10 milliseconds. ExecutionStatus=NEUTRAL
04:17:02,057 |-INFO in ch.qos.logback.core.model.processor.AppenderModelHandler - Processing appender named [Console]
04:17:02,059 |-INFO in ch.qos.logback.core.model.processor.AppenderModelHandler - About to instantiate appender of type [ch.qos.logback.core.ConsoleAppender]
04:17:02,065 |-INFO in ch.qos.logback.core.model.processor.ImplicitModelHandler - Assuming default type [ch.qos.logback.classic.encoder.PatternLayoutEncoder] for [encoder] property
04:17:02,081 |-WARN in ch.qos.logback.core.model.processor.AppenderModelHandler - Appender named [RollingFile] not referenced. Skipping further processing.
04:17:02,081 |-INFO in ch.qos.logback.classic.model.processor.RootLoggerModelHandler - Setting level of ROOT logger to INFO
04:17:02,081 |-INFO in ch.qos.logback.classic.jul.LevelChangePropagator@6d868997 - Propagating INFO level on Logger[ROOT] onto the JUL framework
04:17:02,081 |-INFO in ch.qos.logback.core.model.processor.AppenderRefModelHandler - Attaching appender named [Console] to Logger[ROOT]
04:17:02,081 |-INFO in ch.qos.logback.core.model.processor.DefaultProcessor@2c383e33 - End of configuration.
04:17:02,081 |-INFO in org.springframework.boot.logging.logback.SpringBootJoranConfigurator@74a195a4 - Registering current configuration as safe fallback point


  .   ____          _            __ _ _
 /\\ / ___'_ __ _ _(_)_ __  __ _ \ \ \ \
( ( )\___ | '_ | '_| | '_ \/ _` | \ \ \ \
 \\/  ___)| |_)| | | | | || (_| |  ) ) ) )
  '  |____| .__|_| |_|_| |_\__, | / / / /
 =========|_|==============|___/=/_/_/_/
 :: Spring Boot ::                (v3.2.3)

2026-03-03 04:17:02 [background-preinit] INFO  o.h.validator.internal.util.Version - HV000001: Hibernate Validator 8.0.1.Final
2026-03-03 04:17:02 [main] INFO  com.landify.LandifyApplicationTests - Starting LandifyApplicationTests using Java 17.0.17 with PID 15476 (started by hijbu in C:\xampp\htdocs\Landify\Landify_Backend)
2026-03-03 04:17:02 [main] DEBUG com.landify.LandifyApplicationTests - Running with Spring Boot v3.2.3, Spring v6.1.4
2026-03-03 04:17:02 [main] INFO  com.landify.LandifyApplicationTests - The following 1 profile is active: "dev"
2026-03-03 04:17:04 [main] INFO  o.s.d.r.c.RepositoryConfigurationDelegate - Bootstrapping Spring Data JPA repositories in DEFAULT mode.
2026-03-03 04:17:04 [main] INFO  o.s.d.r.c.RepositoryConfigurationDelegate - Finished Spring Data repository scanning in 61 ms. Found 2 JPA repository interfaces.
2026-03-03 04:17:05 [main] INFO  com.zaxxer.hikari.HikariDataSource - HikariPool-1 - Starting...
2026-03-03 04:17:05 [main] INFO  com.zaxxer.hikari.pool.HikariPool - HikariPool-1 - Added connection com.mysql.cj.jdbc.ConnectionImpl@5d717f19
2026-03-03 04:17:05 [main] INFO  com.zaxxer.hikari.HikariDataSource - HikariPool-1 - Start completed.
2026-03-03 04:17:05 [main] INFO  o.h.jpa.internal.util.LogHelper - HHH000204: Processing PersistenceUnitInfo [name: default]
2026-03-03 04:17:05 [main] INFO  org.hibernate.Version - HHH000412: Hibernate ORM core version 6.4.4.Final
2026-03-03 04:17:05 [main] INFO  o.h.c.i.RegionFactoryInitiator - HHH000026: Second-level cache disabled
2026-03-03 04:17:06 [main] INFO  o.s.o.j.p.SpringPersistenceUnitInfo - No LoadTimeWeaver setup: ignoring JPA class transformer
2026-03-03 04:17:06 [main] WARN  org.hibernate.dialect.Dialect - HHH000511: The 5.5.0 version for [org.hibernate.dialect.MySQLDialect] is no longer supported, hence certain features may not work properly. The minimum supported version is 8.0.0. Check the community dialects project for available legacy versions.
2026-03-03 04:17:07 [main] INFO  o.h.e.t.j.p.i.JtaPlatformInitiator - HHH000489: No JTA platform available (set 'hibernate.transaction.jta.platform' to enable JTA platform integration)
2026-03-03 04:17:07 [main] INFO  o.s.o.j.LocalContainerEntityManagerFactoryBean - Initialized JPA EntityManagerFactory for persistence unit 'default'
2026-03-03 04:17:08 [main] WARN  o.s.b.a.s.s.UserDetailsServiceAutoConfiguration - 

Using generated security password: 46613d9e-de4d-4654-94c3-1107fe11ae7b

This generated password is for development use only. Your security configuration must be updated before running your application in production.

2026-03-03 04:17:09 [main] INFO  o.s.b.a.e.web.EndpointLinksResolver - Exposing 2 endpoint(s) beneath base path '/actuator'
2026-03-03 04:17:09 [main] INFO  o.s.s.web.DefaultSecurityFilterChain - Will secure any request with [org.springframework.security.web.session.DisableEncodeUrlFilter@5f171392, org.springframework.security.web.context.request.async.WebAsyncManagerIntegrationFilter@655295bd, org.springframework.security.web.context.SecurityContextHolderFilter@4b37b01e, org.springframework.security.web.header.HeaderWriterFilter@73983f07, org.springframework.web.filter.CorsFilter@62cbe18c, org.springframework.security.web.authentication.logout.LogoutFilter@77c7d3f4, com.landify.security.JwtAuthenticationFilter@212be8c, org.springframework.security.web.savedrequest.RequestCacheAwareFilter@34986491, org.springframework.security.web.servletapi.SecurityContextHolderAwareRequestFilter@441798ce, org.springframework.security.web.authentication.AnonymousAuthenticationFilter@377b7798, org.springframework.security.web.session.SessionManagementFilter@4faccb34, org.springframework.security.web.access.ExceptionTranslationFilter@35ef158f, org.springframework.security.web.access.intercept.AuthorizationFilter@46c5747f]
2026-03-03 04:17:10 [main] INFO  com.landify.LandifyApplicationTests - Started LandifyApplicationTests in 8.547 seconds (process running for 9.885)
]]></system-out>
  </testcase>
</testsuite>